  hexagon.cpp
c:\users\kasem\desktop\graphics\cscd470\programs\demo\demo\hexagon.cpp(7): warning C4603: 'GLM_FORCE_RADIANS': macro is not defined or definition is different after precompiled header use
  c:\users\kasem\desktop\graphics\cscd470\programs\demo\demo\hexagon.cpp(7): note: Add macro to precompiled header instead of defining here
  c:\users\kasem\desktop\graphics\cscd470\programs\demo\demo\hexagon.cpp(10): note: use of precompiled header
c:\users\kasem\desktop\graphics\cscd470\programs\demo\demo\hexagon.cpp(11): error C2871: 'glm': a namespace with this name does not exist
c:\users\kasem\desktop\graphics\cscd470\programs\demo\demo\hexagon.cpp(12): error C4430: missing type specifier - int assumed. Note: C++ does not support default-int
c:\users\kasem\desktop\graphics\cscd470\programs\demo\demo\hexagon.cpp(12): error C2146: syntax error: missing ';' before identifier 'matrix_loc'
c:\users\kasem\desktop\graphics\cscd470\programs\demo\demo\hexagon.cpp(15): error C4430: missing type specifier - int assumed. Note: C++ does not support default-int
c:\users\kasem\desktop\graphics\cscd470\programs\demo\demo\hexagon.cpp(15): error C2086: 'int GLuint': redefinition
  c:\users\kasem\desktop\graphics\cscd470\programs\demo\demo\hexagon.cpp(12): note: see declaration of 'GLuint'
c:\users\kasem\desktop\graphics\cscd470\programs\demo\demo\hexagon.cpp(15): error C2146: syntax error: missing ';' before identifier 'render_prog'
c:\users\kasem\desktop\graphics\cscd470\programs\demo\demo\hexagon.cpp(16): error C4430: missing type specifier - int assumed. Note: C++ does not support default-int
c:\users\kasem\desktop\graphics\cscd470\programs\demo\demo\hexagon.cpp(16): error C2086: 'int GLuint': redefinition
  c:\users\kasem\desktop\graphics\cscd470\programs\demo\demo\hexagon.cpp(12): note: see declaration of 'GLuint'
c:\users\kasem\desktop\graphics\cscd470\programs\demo\demo\hexagon.cpp(16): error C2146: syntax error: missing ';' before identifier 'hex_vao'
c:\users\kasem\desktop\graphics\cscd470\programs\demo\demo\hexagon.cpp(17): error C4430: missing type specifier - int assumed. Note: C++ does not support default-int
c:\users\kasem\desktop\graphics\cscd470\programs\demo\demo\hexagon.cpp(17): error C2086: 'int GLuint': redefinition
  c:\users\kasem\desktop\graphics\cscd470\programs\demo\demo\hexagon.cpp(12): note: see declaration of 'GLuint'
c:\users\kasem\desktop\graphics\cscd470\programs\demo\demo\hexagon.cpp(17): error C2146: syntax error: missing ';' before identifier 'hex_vbo'
c:\users\kasem\desktop\graphics\cscd470\programs\demo\demo\hexagon.cpp(18): error C4430: missing type specifier - int assumed. Note: C++ does not support default-int
c:\users\kasem\desktop\graphics\cscd470\programs\demo\demo\hexagon.cpp(18): error C2086: 'int GLuint': redefinition
  c:\users\kasem\desktop\graphics\cscd470\programs\demo\demo\hexagon.cpp(12): note: see declaration of 'GLuint'
c:\users\kasem\desktop\graphics\cscd470\programs\demo\demo\hexagon.cpp(18): error C2146: syntax error: missing ';' before identifier 'ebo'
c:\users\kasem\desktop\graphics\cscd470\programs\demo\demo\hexagon.cpp(19): error C4430: missing type specifier - int assumed. Note: C++ does not support default-int
c:\users\kasem\desktop\graphics\cscd470\programs\demo\demo\hexagon.cpp(19): error C2146: syntax error: missing ';' before identifier 'update_hex'
c:\users\kasem\desktop\graphics\cscd470\programs\demo\demo\hexagon.cpp(20): error C4430: missing type specifier - int assumed. Note: C++ does not support default-int
c:\users\kasem\desktop\graphics\cscd470\programs\demo\demo\hexagon.cpp(20): error C2086: 'int GLboolean': redefinition
  c:\users\kasem\desktop\graphics\cscd470\programs\demo\demo\hexagon.cpp(19): note: see declaration of 'GLboolean'
c:\users\kasem\desktop\graphics\cscd470\programs\demo\demo\hexagon.cpp(20): error C2146: syntax error: missing ';' before identifier 'show_line'
c:\users\kasem\desktop\graphics\cscd470\programs\demo\demo\hexagon.cpp(21): error C4430: missing type specifier - int assumed. Note: C++ does not support default-int
c:\users\kasem\desktop\graphics\cscd470\programs\demo\demo\hexagon.cpp(21): error C2086: 'int GLboolean': redefinition
  c:\users\kasem\desktop\graphics\cscd470\programs\demo\demo\hexagon.cpp(19): note: see declaration of 'GLboolean'
c:\users\kasem\desktop\graphics\cscd470\programs\demo\demo\hexagon.cpp(21): error C2146: syntax error: missing ';' before identifier 'point'
c:\users\kasem\desktop\graphics\cscd470\programs\demo\demo\hexagon.cpp(22): error C4430: missing type specifier - int assumed. Note: C++ does not support default-int
c:\users\kasem\desktop\graphics\cscd470\programs\demo\demo\hexagon.cpp(22): error C2086: 'int GLboolean': redefinition
  c:\users\kasem\desktop\graphics\cscd470\programs\demo\demo\hexagon.cpp(19): note: see declaration of 'GLboolean'
c:\users\kasem\desktop\graphics\cscd470\programs\demo\demo\hexagon.cpp(22): error C2146: syntax error: missing ';' before identifier 'scale_mode'
c:\users\kasem\desktop\graphics\cscd470\programs\demo\demo\hexagon.cpp(23): error C4430: missing type specifier - int assumed. Note: C++ does not support default-int
c:\users\kasem\desktop\graphics\cscd470\programs\demo\demo\hexagon.cpp(23): error C2146: syntax error: missing ';' before identifier 'pointSize'
c:\users\kasem\desktop\graphics\cscd470\programs\demo\demo\hexagon.cpp(24): error C4430: missing type specifier - int assumed. Note: C++ does not support default-int
c:\users\kasem\desktop\graphics\cscd470\programs\demo\demo\hexagon.cpp(24): error C2146: syntax error: missing ';' before identifier 'timeLoc'
c:\users\kasem\desktop\graphics\cscd470\programs\demo\demo\hexagon.cpp(25): error C4430: missing type specifier - int assumed. Note: C++ does not support default-int
c:\users\kasem\desktop\graphics\cscd470\programs\demo\demo\hexagon.cpp(25): error C2086: 'int GLfloat': redefinition
  c:\users\kasem\desktop\graphics\cscd470\programs\demo\demo\hexagon.cpp(23): note: see declaration of 'GLfloat'
c:\users\kasem\desktop\graphics\cscd470\programs\demo\demo\hexagon.cpp(25): error C2146: syntax error: missing ';' before identifier 'pSizeMax'
c:\users\kasem\desktop\graphics\cscd470\programs\demo\demo\hexagon.cpp(26): error C4430: missing type specifier - int assumed. Note: C++ does not support default-int
c:\users\kasem\desktop\graphics\cscd470\programs\demo\demo\hexagon.cpp(26): error C2086: 'int GLfloat': redefinition
  c:\users\kasem\desktop\graphics\cscd470\programs\demo\demo\hexagon.cpp(23): note: see declaration of 'GLfloat'
c:\users\kasem\desktop\graphics\cscd470\programs\demo\demo\hexagon.cpp(26): error C2146: syntax error: missing ';' before identifier 'pSizeMin'
c:\users\kasem\desktop\graphics\cscd470\programs\demo\demo\hexagon.cpp(27): error C4430: missing type specifier - int assumed. Note: C++ does not support default-int
c:\users\kasem\desktop\graphics\cscd470\programs\demo\demo\hexagon.cpp(27): error C2086: 'int GLint': redefinition
  c:\users\kasem\desktop\graphics\cscd470\programs\demo\demo\hexagon.cpp(24): note: see declaration of 'GLint'
c:\users\kasem\desktop\graphics\cscd470\programs\demo\demo\hexagon.cpp(27): error C2146: syntax error: missing ';' before identifier 'scaleX_loc'
c:\users\kasem\desktop\graphics\cscd470\programs\demo\demo\hexagon.cpp(28): error C4430: missing type specifier - int assumed. Note: C++ does not support default-int
c:\users\kasem\desktop\graphics\cscd470\programs\demo\demo\hexagon.cpp(28): error C2086: 'int GLint': redefinition
  c:\users\kasem\desktop\graphics\cscd470\programs\demo\demo\hexagon.cpp(24): note: see declaration of 'GLint'
c:\users\kasem\desktop\graphics\cscd470\programs\demo\demo\hexagon.cpp(28): error C2146: syntax error: missing ';' before identifier 'scaleY_loc'
c:\users\kasem\desktop\graphics\cscd470\programs\demo\demo\hexagon.cpp(29): error C4430: missing type specifier - int assumed. Note: C++ does not support default-int
c:\users\kasem\desktop\graphics\cscd470\programs\demo\demo\hexagon.cpp(29): error C2086: 'int GLfloat': redefinition
  c:\users\kasem\desktop\graphics\cscd470\programs\demo\demo\hexagon.cpp(23): note: see declaration of 'GLfloat'
c:\users\kasem\desktop\graphics\cscd470\programs\demo\demo\hexagon.cpp(29): error C2146: syntax error: missing ';' before identifier 'scaleVartex_X'
c:\users\kasem\desktop\graphics\cscd470\programs\demo\demo\hexagon.cpp(30): error C4430: missing type specifier - int assumed. Note: C++ does not support default-int
c:\users\kasem\desktop\graphics\cscd470\programs\demo\demo\hexagon.cpp(30): error C2086: 'int GLfloat': redefinition
  c:\users\kasem\desktop\graphics\cscd470\programs\demo\demo\hexagon.cpp(23): note: see declaration of 'GLfloat'
c:\users\kasem\desktop\graphics\cscd470\programs\demo\demo\hexagon.cpp(30): error C2146: syntax error: missing ';' before identifier 'scaleVartex_Y'
c:\users\kasem\desktop\graphics\cscd470\programs\demo\demo\hexagon.cpp(31): error C4430: missing type specifier - int assumed. Note: C++ does not support default-int
c:\users\kasem\desktop\graphics\cscd470\programs\demo\demo\hexagon.cpp(31): error C2086: 'int GLfloat': redefinition
  c:\users\kasem\desktop\graphics\cscd470\programs\demo\demo\hexagon.cpp(23): note: see declaration of 'GLfloat'
c:\users\kasem\desktop\graphics\cscd470\programs\demo\demo\hexagon.cpp(31): error C2146: syntax error: missing ';' before identifier 'Lsize'
c:\users\kasem\desktop\graphics\cscd470\programs\demo\demo\hexagon.cpp(32): error C4430: missing type specifier - int assumed. Note: C++ does not support default-int
c:\users\kasem\desktop\graphics\cscd470\programs\demo\demo\hexagon.cpp(32): error C2086: 'int GLfloat': redefinition
  c:\users\kasem\desktop\graphics\cscd470\programs\demo\demo\hexagon.cpp(23): note: see declaration of 'GLfloat'
c:\users\kasem\desktop\graphics\cscd470\programs\demo\demo\hexagon.cpp(32): error C2146: syntax error: missing ';' before identifier 'LineSize'
c:\users\kasem\desktop\graphics\cscd470\programs\demo\demo\hexagon.cpp(35): error C3646: 'type': unknown override specifier
c:\users\kasem\desktop\graphics\cscd470\programs\demo\demo\hexagon.cpp(35): error C4430: missing type specifier - int assumed. Note: C++ does not support default-int
c:\users\kasem\desktop\graphics\cscd470\programs\demo\demo\hexagon.cpp(37): error C3646: 'shader': unknown override specifier
c:\users\kasem\desktop\graphics\cscd470\programs\demo\demo\hexagon.cpp(37): error C4430: missing type specifier - int assumed. Note: C++ does not support default-int
c:\users\kasem\desktop\graphics\cscd470\programs\demo\demo\hexagon.cpp(43): error C4430: missing type specifier - int assumed. Note: C++ does not support default-int
c:\users\kasem\desktop\graphics\cscd470\programs\demo\demo\hexagon.cpp(43): error C2086: 'int GLfloat': redefinition
  c:\users\kasem\desktop\graphics\cscd470\programs\demo\demo\hexagon.cpp(23): note: see declaration of 'GLfloat'
c:\users\kasem\desktop\graphics\cscd470\programs\demo\demo\hexagon.cpp(43): error C2146: syntax error: missing ';' before identifier 'hex_vertices'
c:\users\kasem\desktop\graphics\cscd470\programs\demo\demo\hexagon.cpp(43): error C2143: syntax error: missing ';' before '{'
c:\users\kasem\desktop\graphics\cscd470\programs\demo\demo\hexagon.cpp(43): error C2447: '{': missing function header (old-style formal list?)
c:\users\kasem\desktop\graphics\cscd470\programs\demo\demo\hexagon.cpp(71): error C4430: missing type specifier - int assumed. Note: C++ does not support default-int
c:\users\kasem\desktop\graphics\cscd470\programs\demo\demo\hexagon.cpp(71): error C2086: 'int GLfloat': redefinition
  c:\users\kasem\desktop\graphics\cscd470\programs\demo\demo\hexagon.cpp(23): note: see declaration of 'GLfloat'
c:\users\kasem\desktop\graphics\cscd470\programs\demo\demo\hexagon.cpp(71): error C2146: syntax error: missing ';' before identifier 'hex_vertices_update'
c:\users\kasem\desktop\graphics\cscd470\programs\demo\demo\hexagon.cpp(71): error C2143: syntax error: missing ';' before '{'
c:\users\kasem\desktop\graphics\cscd470\programs\demo\demo\hexagon.cpp(71): error C2447: '{': missing function header (old-style formal list?)
c:\users\kasem\desktop\graphics\cscd470\programs\demo\demo\hexagon.cpp(83): error C4430: missing type specifier - int assumed. Note: C++ does not support default-int
c:\users\kasem\desktop\graphics\cscd470\programs\demo\demo\hexagon.cpp(83): error C2086: 'int GLfloat': redefinition
  c:\users\kasem\desktop\graphics\cscd470\programs\demo\demo\hexagon.cpp(23): note: see declaration of 'GLfloat'
c:\users\kasem\desktop\graphics\cscd470\programs\demo\demo\hexagon.cpp(83): error C2146: syntax error: missing ';' before identifier 'hex_colors'
c:\users\kasem\desktop\graphics\cscd470\programs\demo\demo\hexagon.cpp(83): error C2143: syntax error: missing ';' before '{'
c:\users\kasem\desktop\graphics\cscd470\programs\demo\demo\hexagon.cpp(83): error C2447: '{': missing function header (old-style formal list?)
c:\users\kasem\desktop\graphics\cscd470\programs\demo\demo\hexagon.cpp(94): error C4430: missing type specifier - int assumed. Note: C++ does not support default-int
c:\users\kasem\desktop\graphics\cscd470\programs\demo\demo\hexagon.cpp(94): error C2086: 'int GLfloat': redefinition
  c:\users\kasem\desktop\graphics\cscd470\programs\demo\demo\hexagon.cpp(23): note: see declaration of 'GLfloat'
c:\users\kasem\desktop\graphics\cscd470\programs\demo\demo\hexagon.cpp(94): error C2146: syntax error: missing ';' before identifier 'hex_positions'
c:\users\kasem\desktop\graphics\cscd470\programs\demo\demo\hexagon.cpp(95): error C2143: syntax error: missing ';' before '{'
c:\users\kasem\desktop\graphics\cscd470\programs\demo\demo\hexagon.cpp(95): error C2447: '{': missing function header (old-style formal list?)
c:\users\kasem\desktop\graphics\cscd470\programs\demo\demo\hexagon.cpp(105): error C4430: missing type specifier - int assumed. Note: C++ does not support default-int
c:\users\kasem\desktop\graphics\cscd470\programs\demo\demo\hexagon.cpp(105): error C2146: syntax error: missing ';' before identifier 'indices'
c:\users\kasem\desktop\graphics\cscd470\programs\demo\demo\hexagon.cpp(106): error C2143: syntax error: missing ';' before '{'
c:\users\kasem\desktop\graphics\cscd470\programs\demo\demo\hexagon.cpp(106): error C2447: '{': missing function header (old-style formal list?)
c:\users\kasem\desktop\graphics\cscd470\programs\demo\demo\hexagon.cpp(115): error C4430: missing type specifier - int assumed. Note: C++ does not support default-int
c:\users\kasem\desktop\graphics\cscd470\programs\demo\demo\hexagon.cpp(115): error C2143: syntax error: missing ';' before '*'
c:\users\kasem\desktop\graphics\cscd470\programs\demo\demo\hexagon.cpp(115): error C2059: syntax error: '{'
c:\users\kasem\desktop\graphics\cscd470\programs\demo\demo\hexagon.cpp(115): error C2143: syntax error: missing ';' before '{'
c:\users\kasem\desktop\graphics\cscd470\programs\demo\demo\hexagon.cpp(115): error C2447: '{': missing function header (old-style formal list?)
c:\users\kasem\desktop\graphics\cscd470\programs\demo\demo\hexagon.cpp(146): error C4430: missing type specifier - int assumed. Note: C++ does not support default-int
c:\users\kasem\desktop\graphics\cscd470\programs\demo\demo\hexagon.cpp(146): error C2086: 'int GLuint': redefinition
  c:\users\kasem\desktop\graphics\cscd470\programs\demo\demo\hexagon.cpp(12): note: see declaration of 'GLuint'
c:\users\kasem\desktop\graphics\cscd470\programs\demo\demo\hexagon.cpp(146): error C2146: syntax error: missing ';' before identifier 'LoadShaders'
c:\users\kasem\desktop\graphics\cscd470\programs\demo\demo\hexagon.cpp(147): error C2143: syntax error: missing ';' before '{'
c:\users\kasem\desktop\graphics\cscd470\programs\demo\demo\hexagon.cpp(147): error C2447: '{': missing function header (old-style formal list?)
c:\users\kasem\desktop\graphics\cscd470\programs\demo\demo\hexagon.cpp(228): error C2065: 'GL_VERTEX_SHADER': undeclared identifier
c:\users\kasem\desktop\graphics\cscd470\programs\demo\demo\hexagon.cpp(229): error C2065: 'GL_FRAGMENT_SHADER': undeclared identifier
c:\users\kasem\desktop\graphics\cscd470\programs\demo\demo\hexagon.cpp(230): error C2065: 'GL_NONE': undeclared identifier
c:\users\kasem\desktop\graphics\cscd470\programs\demo\demo\hexagon.cpp(231): error C2078: too many initializers
c:\users\kasem\desktop\graphics\cscd470\programs\demo\demo\hexagon.cpp(233): error C2065: 'render_prog': undeclared identifier
c:\users\kasem\desktop\graphics\cscd470\programs\demo\demo\hexagon.cpp(233): error C3861: 'LoadShaders': identifier not found
c:\users\kasem\desktop\graphics\cscd470\programs\demo\demo\hexagon.cpp(234): error C2065: 'render_prog': undeclared identifier
c:\users\kasem\desktop\graphics\cscd470\programs\demo\demo\hexagon.cpp(234): error C3861: 'glUseProgram': identifier not found
c:\users\kasem\desktop\graphics\cscd470\programs\demo\demo\hexagon.cpp(236): error C2065: 'GL_PROGRAM_POINT_SIZE': undeclared identifier
c:\users\kasem\desktop\graphics\cscd470\programs\demo\demo\hexagon.cpp(236): error C3861: 'glEnable': identifier not found
c:\users\kasem\desktop\graphics\cscd470\programs\demo\demo\hexagon.cpp(237): error C2065: 'GL_POINT_SIZE_MAX': undeclared identifier
c:\users\kasem\desktop\graphics\cscd470\programs\demo\demo\hexagon.cpp(237): error C2065: 'pSizeMax': undeclared identifier
c:\users\kasem\desktop\graphics\cscd470\programs\demo\demo\hexagon.cpp(237): error C3861: 'glGetFloatv': identifier not found
c:\users\kasem\desktop\graphics\cscd470\programs\demo\demo\hexagon.cpp(238): error C2065: 'pSizeMax': undeclared identifier
c:\users\kasem\desktop\graphics\cscd470\programs\demo\demo\hexagon.cpp(239): error C2065: 'pSizeMax': undeclared identifier
c:\users\kasem\desktop\graphics\cscd470\programs\demo\demo\hexagon.cpp(244): error C2065: 'GL_POINT_SIZE_MIN': undeclared identifier
c:\users\kasem\desktop\graphics\cscd470\programs\demo\demo\hexagon.cpp(244): error C2065: 'pSizeMin': undeclared identifier
c:\users\kasem\desktop\graphics\cscd470\programs\demo\demo\hexagon.cpp(244): error C3861: 'glGetFloatv': identifier not found
c:\users\kasem\desktop\graphics\cscd470\programs\demo\demo\hexagon.cpp(246): error C2065: 'GL_LINE_WIDTH_RANGE': undeclared identifier
c:\users\kasem\desktop\graphics\cscd470\programs\demo\demo\hexagon.cpp(246): error C2065: 'Lsize': undeclared identifier
c:\users\kasem\desktop\graphics\cscd470\programs\demo\demo\hexagon.cpp(246): error C3861: 'glGetFloatv': identifier not found
c:\users\kasem\desktop\graphics\cscd470\programs\demo\demo\hexagon.cpp(247): error C2065: 'Lsize': undeclared identifier
c:\users\kasem\desktop\graphics\cscd470\programs\demo\demo\hexagon.cpp(248): error C2065: 'Lsize': undeclared identifier
c:\users\kasem\desktop\graphics\cscd470\programs\demo\demo\hexagon.cpp(249): error C2065: 'scaleX_loc': undeclared identifier
c:\users\kasem\desktop\graphics\cscd470\programs\demo\demo\hexagon.cpp(249): error C2065: 'render_prog': undeclared identifier
c:\users\kasem\desktop\graphics\cscd470\programs\demo\demo\hexagon.cpp(249): error C3861: 'glGetUniformLocation': identifier not found
c:\users\kasem\desktop\graphics\cscd470\programs\demo\demo\hexagon.cpp(250): error C2065: 'scaleY_loc': undeclared identifier
c:\users\kasem\desktop\graphics\cscd470\programs\demo\demo\hexagon.cpp(250): error C2065: 'render_prog': undeclared identifier
c:\users\kasem\desktop\graphics\cscd470\programs\demo\demo\hexagon.cpp(250): error C3861: 'glGetUniformLocation': identifier not found
c:\users\kasem\desktop\graphics\cscd470\programs\demo\demo\hexagon.cpp(252): error C2065: 'matrix_loc': undeclared identifier
c:\users\kasem\desktop\graphics\cscd470\programs\demo\demo\hexagon.cpp(252): error C2065: 'render_prog': undeclared identifier
c:\users\kasem\desktop\graphics\cscd470\programs\demo\demo\hexagon.cpp(252): error C3861: 'glGetUniformLocation': identifier not found
c:\users\kasem\desktop\graphics\cscd470\programs\demo\demo\hexagon.cpp(255): error C2065: 'hex_vao': undeclared identifier
c:\users\kasem\desktop\graphics\cscd470\programs\demo\demo\hexagon.cpp(255): error C3861: 'glGenVertexArrays': identifier not found
c:\users\kasem\desktop\graphics\cscd470\programs\demo\demo\hexagon.cpp(256): error C2065: 'hex_vbo': undeclared identifier
c:\users\kasem\desktop\graphics\cscd470\programs\demo\demo\hexagon.cpp(256): error C3861: 'glGenBuffers': identifier not found
c:\users\kasem\desktop\graphics\cscd470\programs\demo\demo\hexagon.cpp(257): error C2065: 'hex_vao': undeclared identifier
c:\users\kasem\desktop\graphics\cscd470\programs\demo\demo\hexagon.cpp(257): fatal error C1003: error count exceeds 100; stopping compilation
