c:\users\kasem\desktop\graphics\cscd470\programs\470project\release\470project.ipdb
c:\users\kasem\desktop\graphics\cscd470\programs\470project\release\470project.iobj
c:\users\kasem\documents\github\graphics\programs\470project\release\470project.ipdb
c:\users\kasem\documents\github\graphics\programs\470project\release\470project.iobj
c:\users\kasem\desktop\graphics\cscd470\programs\470project\470project\release\vc141.pdb
c:\users\kasem\desktop\graphics\cscd470\programs\470project\470project\release\triangle.obj
c:\users\kasem\desktop\graphics\cscd470\programs\470project\470project\release\hexagon.obj
c:\users\kasem\desktop\graphics\cscd470\programs\470project\470project\release\pyramid.obj
c:\users\kasem\desktop\graphics\cscd470\programs\470project\470project\release\cone.obj
c:\users\kasem\desktop\graphics\cscd470\programs\470project\470project\release\circle.obj
c:\users\kasem\desktop\graphics\cscd470\programs\470project\470project\release\box.obj
c:\users\kasem\desktop\graphics\cscd470\programs\470project\470project\release\plane.obj
c:\users\kasem\desktop\graphics\cscd470\programs\470project\470project\release\texturedplane.obj
c:\users\kasem\documents\github\graphics\programs\470project\470project\release\vc141.pdb
c:\users\kasem\documents\github\graphics\programs\470project\470project\release\texturedplane.obj
c:\users\kasem\documents\github\graphics\programs\470project\470project\release\pyramid.obj
c:\users\kasem\documents\github\graphics\programs\470project\470project\release\plane.obj
c:\users\kasem\documents\github\graphics\programs\470project\470project\release\cone.obj
c:\users\kasem\documents\github\graphics\programs\470project\470project\release\circle.obj
c:\users\kasem\documents\github\graphics\programs\470project\470project\release\box.obj
c:\users\kasem\documents\github\graphics\programs\470project\470project\release\shadedcube.obj
c:\users\kasem\documents\github\graphics\programs\470project\470project\release\hexagon.obj
c:\users\kasem\documents\github\graphics\programs\470project\470project\release\cube.obj
c:\users\kasem\documents\github\graphics\programs\470project\470project\release\disk.obj
c:\users\kasem\documents\github\graphics\programs\470project\470project\release\sphere.obj
c:\users\kasem\documents\github\graphics\programs\470project\470project\release\shader.obj
c:\users\kasem\documents\github\graphics\programs\470project\470project\release\objloader.obj
c:\users\kasem\documents\github\graphics\programs\470project\470project\release\main.obj
c:\users\kasem\desktop\graphics\cscd470\programs\470project\release\470project.exe
c:\users\kasem\desktop\graphics\cscd470\programs\470project\release\470project.pdb
c:\users\kasem\documents\github\graphics\programs\470project\release\470project.exe
c:\users\kasem\documents\github\graphics\programs\470project\release\470project.pdb
c:\users\kasem\documents\github\graphics\programs\470project\470project\release\triangle.obj
c:\users\kasem\documents\github\graphics\programs\470project\470project\release\470project.tlog\470project.write.1u.tlog
c:\users\kasem\documents\github\graphics\programs\470project\470project\release\470project.tlog\cl.command.1.tlog
c:\users\kasem\documents\github\graphics\programs\470project\470project\release\470project.tlog\cl.read.1.tlog
c:\users\kasem\documents\github\graphics\programs\470project\470project\release\470project.tlog\cl.write.1.tlog
c:\users\kasem\documents\github\graphics\programs\470project\470project\release\470project.tlog\link.command.1.tlog
c:\users\kasem\documents\github\graphics\programs\470project\470project\release\470project.tlog\link.read.1.tlog
c:\users\kasem\documents\github\graphics\programs\470project\470project\release\470project.tlog\link.write.1.tlog
