c:\users\kasem\desktop\graphics\cscd470\programs\demo2\demo2\release\vc141.pdb
c:\users\kasem\desktop\graphics\cscd470\programs\demo2\demo2\release\pyramid.obj
c:\users\kasem\desktop\graphics\cscd470\programs\demo2\demo2\release\ground.obj
c:\users\kasem\desktop\graphics\cscd470\programs\demo2\demo2\release\grass.obj
c:\users\kasem\desktop\graphics\cscd470\programs\demo2\demo2\release\fan.obj
c:\users\kasem\desktop\graphics\cscd470\programs\demo2\demo2\release\cone.obj
c:\users\kasem\desktop\graphics\cscd470\programs\demo2\demo2\release\box.obj
c:\users\kasem\desktop\graphics\cscd470\programs\demo2\demo2\release\scenery.obj
c:\users\kasem\documents\github\graphics\programs\demo2\demo2\release\vc141.pdb
c:\users\kasem\documents\github\graphics\programs\demo2\demo2\release\scenery.obj
c:\users\kasem\documents\github\graphics\programs\demo2\demo2\release\pyramid.obj
c:\users\kasem\documents\github\graphics\programs\demo2\demo2\release\ground.obj
c:\users\kasem\documents\github\graphics\programs\demo2\demo2\release\grass.obj
c:\users\kasem\documents\github\graphics\programs\demo2\demo2\release\fan.obj
c:\users\kasem\documents\github\graphics\programs\demo2\demo2\release\cone.obj
c:\users\kasem\documents\github\graphics\programs\demo2\demo2\release\box.obj
c:\users\kasem\documents\github\graphics\programs\demo2\demo2\release\plane2.obj
c:\users\kasem\documents\github\graphics\programs\demo2\demo2\release\plane.obj
c:\users\kasem\desktop\graphics\cscd470\programs\demo2\release\demo2.ipdb
c:\users\kasem\desktop\graphics\cscd470\programs\demo2\release\demo2.iobj
c:\users\kasem\documents\github\graphics\programs\demo2\release\demo2.ipdb
c:\users\kasem\documents\github\graphics\programs\demo2\release\demo2.iobj
c:\users\kasem\desktop\graphics\cscd470\programs\demo2\release\demo2.exe
c:\users\kasem\desktop\graphics\cscd470\programs\demo2\release\demo2.pdb
c:\users\kasem\documents\github\graphics\programs\demo2\release\demo2.exe
c:\users\kasem\documents\github\graphics\programs\demo2\release\demo2.pdb
c:\users\kasem\documents\github\graphics\programs\demo2\demo2\release\demo2.tlog\cl.command.1.tlog
c:\users\kasem\documents\github\graphics\programs\demo2\demo2\release\demo2.tlog\cl.read.1.tlog
c:\users\kasem\documents\github\graphics\programs\demo2\demo2\release\demo2.tlog\cl.write.1.tlog
c:\users\kasem\documents\github\graphics\programs\demo2\demo2\release\demo2.tlog\demo2.write.1u.tlog
c:\users\kasem\documents\github\graphics\programs\demo2\demo2\release\demo2.tlog\link.command.1.tlog
c:\users\kasem\documents\github\graphics\programs\demo2\demo2\release\demo2.tlog\link.read.1.tlog
c:\users\kasem\documents\github\graphics\programs\demo2\demo2\release\demo2.tlog\link.write.1.tlog
